Flow report for 4bit_adder
Sat Aug 24 21:29:26 2019
Quartus II 64-Bit Version 15.0.2 Build 153 07/15/2015 SJ Web Edition


---------------------
; Table of Contents ;
---------------------
  1. Legal Notice
  2. Flow Summary
  3. Flow Settings
  4. Flow Non-Default Global Settings
  5. Flow Elapsed Time
  6. Flow OS Summary
  7. Flow Log
  8. Flow Messages
  9. Flow Suppressed Messages



----------------
; Legal Notice ;
----------------
Copyright (C) 1991-2015 Altera Corporation. All rights reserved.
Your use of Altera Corporation's design tools, logic functions 
and other software and tools, and its AMPP partner logic 
functions, and any output files from any of the foregoing 
(including device programming or simulation files), and any 
associated documentation or information are expressly subject 
to the terms and conditions of the Altera Program License 
Subscription Agreement, the Altera Quartus II License Agreement,
the Altera MegaCore Function License Agreement, or other 
applicable license agreement, including, without limitation, 
that your use is for the sole purpose of programming logic 
devices manufactured by Altera and sold by Altera or its 
authorized distributors.  Please refer to the applicable 
agreement for further details.



+------------------------------------------------------------------------------+
; Flow Summary                                                                 ;
+---------------------------------+--------------------------------------------+
; Flow Status                     ; Successful - Sat Aug 24 21:29:26 2019      ;
; Quartus II 64-Bit Version       ; 15.0.2 Build 153 07/15/2015 SJ Web Edition ;
; Revision Name                   ; 4bit_adder                                 ;
; Top-level Entity Name           ; 4bit_adder                                 ;
; Family                          ; Cyclone V                                  ;
; Device                          ; 5CSXFC6D6F31C8                             ;
; Timing Models                   ; Final                                      ;
; Logic utilization (in ALMs)     ; 4 / 41,910 ( < 1 % )                       ;
; Total registers                 ; 0                                          ;
; Total pins                      ; 14 / 499 ( 3 % )                           ;
; Total virtual pins              ; 0                                          ;
; Total block memory bits         ; 0 / 5,662,720 ( 0 % )                      ;
; Total DSP Blocks                ; 0 / 112 ( 0 % )                            ;
; Total HSSI RX PCSs              ; 0 / 9 ( 0 % )                              ;
; Total HSSI PMA RX Deserializers ; 0 / 9 ( 0 % )                              ;
; Total HSSI TX PCSs              ; 0 / 9 ( 0 % )                              ;
; Total HSSI PMA TX Serializers   ; 0 / 9 ( 0 % )                              ;
; Total PLLs                      ; 0 / 15 ( 0 % )                             ;
; Total DLLs                      ; 0 / 4 ( 0 % )                              ;
+---------------------------------+--------------------------------------------+


+-----------------------------------------+
; Flow Settings                           ;
+-------------------+---------------------+
; Option            ; Setting             ;
+-------------------+---------------------+
; Start date & time ; 08/24/2019 21:25:37 ;
; Main task         ; Compilation         ;
; Revision Name     ; 4bit_adder          ;
+-------------------+---------------------+


+----------------------------------------------------------------------------------------------------------------------------+
; Flow Non-Default Global Settings                                                                                           ;
+-------------------------------------+---------------------------------------+---------------+-------------+----------------+
; Assignment Name                     ; Value                                 ; Default Value ; Entity Name ; Section Id     ;
+-------------------------------------+---------------------------------------+---------------+-------------+----------------+
; COMPILER_SIGNATURE_ID               ; 0.156665313709197                     ; --            ; --          ; --             ;
; EDA_OUTPUT_DATA_FORMAT              ; Vhdl                                  ; --            ; --          ; eda_simulation ;
; EDA_SIMULATION_TOOL                 ; ModelSim-Altera (VHDL)                ; <None>        ; --          ; --             ;
; MAX_CORE_JUNCTION_TEMP              ; 85                                    ; --            ; --          ; --             ;
; MIN_CORE_JUNCTION_TEMP              ; 0                                     ; --            ; --          ; --             ;
; PARTITION_COLOR                     ; 16764057                              ; --            ; --          ; Top            ;
; PARTITION_FITTER_PRESERVATION_LEVEL ; PLACEMENT_AND_ROUTING                 ; --            ; --          ; Top            ;
; PARTITION_NETLIST_TYPE              ; SOURCE                                ; --            ; --          ; Top            ;
; POWER_BOARD_THERMAL_MODEL           ; None (CONSERVATIVE)                   ; --            ; --          ; --             ;
; POWER_PRESET_COOLING_SOLUTION       ; 23 MM HEAT SINK WITH 200 LFPM AIRFLOW ; --            ; --          ; --             ;
; PROJECT_OUTPUT_DIRECTORY            ; output_files                          ; --            ; --          ; --             ;
; VHDL_INPUT_VERSION                  ; VHDL_2008                             ; VHDL_1993     ; --          ; --             ;
; VHDL_SHOW_LMF_MAPPING_MESSAGES      ; Off                                   ; --            ; --          ; --             ;
+-------------------------------------+---------------------------------------+---------------+-------------+----------------+


+-------------------------------------------------------------------------------------------------------------------------------+
; Flow Elapsed Time                                                                                                             ;
+---------------------------+--------------+-------------------------+---------------------+------------------------------------+
; Module Name               ; Elapsed Time ; Average Processors Used ; Peak Virtual Memory ; Total CPU Time (on all processors) ;
+---------------------------+--------------+-------------------------+---------------------+------------------------------------+
; Analysis & Synthesis      ; 00:00:28     ; 1.0                     ; 1001 MB             ; 00:00:51                           ;
; Fitter                    ; 00:01:37     ; 1.0                     ; 1864 MB             ; 00:01:45                           ;
; Assembler                 ; 00:00:26     ; 1.0                     ; 974 MB              ; 00:00:23                           ;
; TimeQuest Timing Analyzer ; 00:00:13     ; 1.0                     ; 1184 MB             ; 00:00:13                           ;
; EDA Netlist Writer        ; 00:00:03     ; 1.0                     ; 1163 MB             ; 00:00:03                           ;
; EDA Netlist Writer        ; 00:00:03     ; 1.0                     ; 1147 MB             ; 00:00:02                           ;
; EDA Netlist Writer        ; 00:00:02     ; 1.0                     ; 1154 MB             ; 00:00:03                           ;
; Total                     ; 00:02:52     ; --                      ; --                  ; 00:03:20                           ;
+---------------------------+--------------+-------------------------+---------------------+------------------------------------+


+----------------------------------------------------------------------------------------------+
; Flow OS Summary                                                                              ;
+---------------------------+-------------------+----------------+------------+----------------+
; Module Name               ; Machine Hostname  ; OS Name        ; OS Version ; Processor type ;
+---------------------------+-------------------+----------------+------------+----------------+
; Analysis & Synthesis      ; timmy-Aspire-4750 ; Ubuntu 16.04.6 ; 16         ; x86_64         ;
; Fitter                    ; timmy-Aspire-4750 ; Ubuntu 16.04.6 ; 16         ; x86_64         ;
; Assembler                 ; timmy-Aspire-4750 ; Ubuntu 16.04.6 ; 16         ; x86_64         ;
; TimeQuest Timing Analyzer ; timmy-Aspire-4750 ; Ubuntu 16.04.6 ; 16         ; x86_64         ;
; EDA Netlist Writer        ; timmy-Aspire-4750 ; Ubuntu 16.04.6 ; 16         ; x86_64         ;
; EDA Netlist Writer        ; timmy-Aspire-4750 ; Ubuntu 16.04.6 ; 16         ; x86_64         ;
; EDA Netlist Writer        ; timmy-Aspire-4750 ; Ubuntu 16.04.6 ; 16         ; x86_64         ;
+---------------------------+-------------------+----------------+------------+----------------+


------------
; Flow Log ;
------------
quartus_map --read_settings_files=on --write_settings_files=off 4bit_adder -c 4bit_adder
quartus_fit --read_settings_files=off --write_settings_files=off 4bit_adder -c 4bit_adder
quartus_asm --read_settings_files=off --write_settings_files=off 4bit_adder -c 4bit_adder
quartus_sta 4bit_adder -c 4bit_adder
quartus_eda --read_settings_files=off --write_settings_files=off 4bit_adder -c 4bit_adder
quartus_eda --gen_testbench --check_outputs=on --tool=modelsim_oem --format=verilog --write_settings_files=off 4bit_adder -c 4bit_adder --vector_source=/home/timmy/Git/Learn-VHDL/CH5/CH5-1/4bit_adder.vwf --testbench_file=/home/timmy/Git/Learn-VHDL/CH5/CH5-1/simulation/qsim/4bit_adder.vwf.vt
quartus_eda --write_settings_files=off --functional=on --flatten_buses=off --simulation=on --tool=modelsim_oem --format=verilog --output_directory=/home/timmy/Git/Learn-VHDL/CH5/CH5-1/simulation/qsim/ 4bit_adder -c 4bit_adder



