Flow report for four_bir_adder
Sat Aug 24 22:36:22 2019
Quartus II 64-Bit Version 15.0.2 Build 153 07/15/2015 SJ Web Edition


---------------------
; Table of Contents ;
---------------------
  1. Legal Notice
  2. Flow Summary
  3. Flow Settings
  4. Flow Non-Default Global Settings
  5. Flow Elapsed Time
  6. Flow OS Summary
  7. Flow Log
  8. Flow Messages
  9. Flow Suppressed Messages



----------------
; Legal Notice ;
----------------
Copyright (C) 1991-2015 Altera Corporation. All rights reserved.
Your use of Altera Corporation's design tools, logic functions 
and other software and tools, and its AMPP partner logic 
functions, and any output files from any of the foregoing 
(including device programming or simulation files), and any 
associated documentation or information are expressly subject 
to the terms and conditions of the Altera Program License 
Subscription Agreement, the Altera Quartus II License Agreement,
the Altera MegaCore Function License Agreement, or other 
applicable license agreement, including, without limitation, 
that your use is for the sole purpose of programming logic 
devices manufactured by Altera and sold by Altera or its 
authorized distributors.  Please refer to the applicable 
agreement for further details.



+------------------------------------------------------------------------------+
; Flow Summary                                                                 ;
+---------------------------------+--------------------------------------------+
; Flow Status                     ; Successful - Sat Aug 24 22:36:22 2019      ;
; Quartus II 64-Bit Version       ; 15.0.2 Build 153 07/15/2015 SJ Web Edition ;
; Revision Name                   ; four_bir_adder                             ;
; Top-level Entity Name           ; four_bir_adder                             ;
; Family                          ; Cyclone V                                  ;
; Device                          ; 5CSXFC6D6F31C8                             ;
; Timing Models                   ; Final                                      ;
; Logic utilization (in ALMs)     ; 4 / 41,910 ( < 1 % )                       ;
; Total registers                 ; 0                                          ;
; Total pins                      ; 14 / 499 ( 3 % )                           ;
; Total virtual pins              ; 0                                          ;
; Total block memory bits         ; 0 / 5,662,720 ( 0 % )                      ;
; Total DSP Blocks                ; 0 / 112 ( 0 % )                            ;
; Total HSSI RX PCSs              ; 0 / 9 ( 0 % )                              ;
; Total HSSI PMA RX Deserializers ; 0 / 9 ( 0 % )                              ;
; Total HSSI TX PCSs              ; 0 / 9 ( 0 % )                              ;
; Total HSSI PMA TX Serializers   ; 0 / 9 ( 0 % )                              ;
; Total PLLs                      ; 0 / 15 ( 0 % )                             ;
; Total DLLs                      ; 0 / 4 ( 0 % )                              ;
+---------------------------------+--------------------------------------------+


+-----------------------------------------+
; Flow Settings                           ;
+-------------------+---------------------+
; Option            ; Setting             ;
+-------------------+---------------------+
; Start date & time ; 08/24/2019 22:30:54 ;
; Main task         ; Compilation         ;
; Revision Name     ; four_bir_adder      ;
+-------------------+---------------------+


+-------------------------------------------------------------------------------------------------------------+
; Flow Non-Default Global Settings                                                                            ;
+-------------------------------------+------------------------+---------------+-------------+----------------+
; Assignment Name                     ; Value                  ; Default Value ; Entity Name ; Section Id     ;
+-------------------------------------+------------------------+---------------+-------------+----------------+
; COMPILER_SIGNATURE_ID               ; 0.156665705413593      ; --            ; --          ; --             ;
; EDA_OUTPUT_DATA_FORMAT              ; Vhdl                   ; --            ; --          ; eda_simulation ;
; EDA_SIMULATION_TOOL                 ; ModelSim-Altera (VHDL) ; <None>        ; --          ; --             ;
; MAX_CORE_JUNCTION_TEMP              ; 85                     ; --            ; --          ; --             ;
; MIN_CORE_JUNCTION_TEMP              ; 0                      ; --            ; --          ; --             ;
; PARTITION_COLOR                     ; 16764057               ; --            ; --          ; Top            ;
; PARTITION_FITTER_PRESERVATION_LEVEL ; PLACEMENT_AND_ROUTING  ; --            ; --          ; Top            ;
; PARTITION_NETLIST_TYPE              ; SOURCE                 ; --            ; --          ; Top            ;
; PROJECT_OUTPUT_DIRECTORY            ; output_files           ; --            ; --          ; --             ;
+-------------------------------------+------------------------+---------------+-------------+----------------+


+-------------------------------------------------------------------------------------------------------------------------------+
; Flow Elapsed Time                                                                                                             ;
+---------------------------+--------------+-------------------------+---------------------+------------------------------------+
; Module Name               ; Elapsed Time ; Average Processors Used ; Peak Virtual Memory ; Total CPU Time (on all processors) ;
+---------------------------+--------------+-------------------------+---------------------+------------------------------------+
; Analysis & Synthesis      ; 00:00:25     ; 1.0                     ; 1003 MB             ; 00:00:49                           ;
; Fitter                    ; 00:01:30     ; 1.0                     ; 1858 MB             ; 00:01:34                           ;
; Assembler                 ; 00:00:19     ; 1.0                     ; 965 MB              ; 00:00:19                           ;
; TimeQuest Timing Analyzer ; 00:00:10     ; 1.0                     ; 1183 MB             ; 00:00:11                           ;
; EDA Netlist Writer        ; 00:00:02     ; 1.0                     ; 1162 MB             ; 00:00:02                           ;
; EDA Netlist Writer        ; 00:00:02     ; 1.0                     ; 1146 MB             ; 00:00:02                           ;
; EDA Netlist Writer        ; 00:00:02     ; 1.0                     ; 1154 MB             ; 00:00:02                           ;
; Total                     ; 00:02:30     ; --                      ; --                  ; 00:02:59                           ;
+---------------------------+--------------+-------------------------+---------------------+------------------------------------+


+----------------------------------------------------------------------------------------------+
; Flow OS Summary                                                                              ;
+---------------------------+-------------------+----------------+------------+----------------+
; Module Name               ; Machine Hostname  ; OS Name        ; OS Version ; Processor type ;
+---------------------------+-------------------+----------------+------------+----------------+
; Analysis & Synthesis      ; timmy-Aspire-4750 ; Ubuntu 16.04.6 ; 16         ; x86_64         ;
; Fitter                    ; timmy-Aspire-4750 ; Ubuntu 16.04.6 ; 16         ; x86_64         ;
; Assembler                 ; timmy-Aspire-4750 ; Ubuntu 16.04.6 ; 16         ; x86_64         ;
; TimeQuest Timing Analyzer ; timmy-Aspire-4750 ; Ubuntu 16.04.6 ; 16         ; x86_64         ;
; EDA Netlist Writer        ; timmy-Aspire-4750 ; Ubuntu 16.04.6 ; 16         ; x86_64         ;
; EDA Netlist Writer        ; timmy-Aspire-4750 ; Ubuntu 16.04.6 ; 16         ; x86_64         ;
; EDA Netlist Writer        ; timmy-Aspire-4750 ; Ubuntu 16.04.6 ; 16         ; x86_64         ;
+---------------------------+-------------------+----------------+------------+----------------+


------------
; Flow Log ;
------------
quartus_map --read_settings_files=on --write_settings_files=off four_bir_adder -c four_bir_adder
quartus_fit --read_settings_files=off --write_settings_files=off four_bir_adder -c four_bir_adder
quartus_asm --read_settings_files=off --write_settings_files=off four_bir_adder -c four_bir_adder
quartus_sta four_bir_adder -c four_bir_adder
quartus_eda --read_settings_files=off --write_settings_files=off four_bir_adder -c four_bir_adder
quartus_eda --gen_testbench --check_outputs=on --tool=modelsim_oem --format=verilog --write_settings_files=off four_bir_adder -c four_bir_adder --vector_source=/home/timmy/Git/Learn-VHDL/CH5/CH5-1/four_bit_adder.vwf --testbench_file=/home/timmy/Git/Learn-VHDL/CH5/CH5-1/simulation/qsim/four_bit_adder.vwf.vt
quartus_eda --write_settings_files=off --functional=on --flatten_buses=off --simulation=on --tool=modelsim_oem --format=verilog --output_directory=/home/timmy/Git/Learn-VHDL/CH5/CH5-1/simulation/qsim/ four_bir_adder -c four_bir_adder



