Flow report for enight_to_three_priority_encoder
Thu Oct 31 00:37:02 2019
Quartus II 64-Bit Version 15.0.2 Build 153 07/15/2015 SJ Web Edition


---------------------
; Table of Contents ;
---------------------
  1. Legal Notice
  2. Flow Summary
  3. Flow Settings
  4. Flow Non-Default Global Settings
  5. Flow Elapsed Time
  6. Flow OS Summary
  7. Flow Log
  8. Flow Messages
  9. Flow Suppressed Messages



----------------
; Legal Notice ;
----------------
Copyright (C) 1991-2015 Altera Corporation. All rights reserved.
Your use of Altera Corporation's design tools, logic functions 
and other software and tools, and its AMPP partner logic 
functions, and any output files from any of the foregoing 
(including device programming or simulation files), and any 
associated documentation or information are expressly subject 
to the terms and conditions of the Altera Program License 
Subscription Agreement, the Altera Quartus II License Agreement,
the Altera MegaCore Function License Agreement, or other 
applicable license agreement, including, without limitation, 
that your use is for the sole purpose of programming logic 
devices manufactured by Altera and sold by Altera or its 
authorized distributors.  Please refer to the applicable 
agreement for further details.



+------------------------------------------------------------------------------+
; Flow Summary                                                                 ;
+---------------------------------+--------------------------------------------+
; Flow Status                     ; Successful - Thu Oct 31 00:37:02 2019      ;
; Quartus II 64-Bit Version       ; 15.0.2 Build 153 07/15/2015 SJ Web Edition ;
; Revision Name                   ; enight_to_three_priority_encoder           ;
; Top-level Entity Name           ; enight_to_three_priority_encoder           ;
; Family                          ; Cyclone V                                  ;
; Device                          ; 5CSXFC6D6F31C8                             ;
; Timing Models                   ; Final                                      ;
; Logic utilization (in ALMs)     ; 3 / 41,910 ( < 1 % )                       ;
; Total registers                 ; 0                                          ;
; Total pins                      ; 11 / 499 ( 2 % )                           ;
; Total virtual pins              ; 0                                          ;
; Total block memory bits         ; 0 / 5,662,720 ( 0 % )                      ;
; Total DSP Blocks                ; 0 / 112 ( 0 % )                            ;
; Total HSSI RX PCSs              ; 0 / 9 ( 0 % )                              ;
; Total HSSI PMA RX Deserializers ; 0 / 9 ( 0 % )                              ;
; Total HSSI TX PCSs              ; 0 / 9 ( 0 % )                              ;
; Total HSSI PMA TX Serializers   ; 0 / 9 ( 0 % )                              ;
; Total PLLs                      ; 0 / 15 ( 0 % )                             ;
; Total DLLs                      ; 0 / 4 ( 0 % )                              ;
+---------------------------------+--------------------------------------------+


+------------------------------------------------------+
; Flow Settings                                        ;
+-------------------+----------------------------------+
; Option            ; Setting                          ;
+-------------------+----------------------------------+
; Start date & time ; 10/31/2019 00:34:34              ;
; Main task         ; Compilation                      ;
; Revision Name     ; enight_to_three_priority_encoder ;
+-------------------+----------------------------------+


+-------------------------------------------------------------------------------------------------------------+
; Flow Non-Default Global Settings                                                                            ;
+-------------------------------------+------------------------+---------------+-------------+----------------+
; Assignment Name                     ; Value                  ; Default Value ; Entity Name ; Section Id     ;
+-------------------------------------+------------------------+---------------+-------------+----------------+
; COMPILER_SIGNATURE_ID               ; 0.157245327407970      ; --            ; --          ; --             ;
; EDA_OUTPUT_DATA_FORMAT              ; Vhdl                   ; --            ; --          ; eda_simulation ;
; EDA_SIMULATION_TOOL                 ; ModelSim-Altera (VHDL) ; <None>        ; --          ; --             ;
; MAX_CORE_JUNCTION_TEMP              ; 85                     ; --            ; --          ; --             ;
; MIN_CORE_JUNCTION_TEMP              ; 0                      ; --            ; --          ; --             ;
; PARTITION_COLOR                     ; 16764057               ; --            ; --          ; Top            ;
; PARTITION_FITTER_PRESERVATION_LEVEL ; PLACEMENT_AND_ROUTING  ; --            ; --          ; Top            ;
; PARTITION_NETLIST_TYPE              ; SOURCE                 ; --            ; --          ; Top            ;
; PROJECT_OUTPUT_DIRECTORY            ; output_files           ; --            ; --          ; --             ;
+-------------------------------------+------------------------+---------------+-------------+----------------+


+-------------------------------------------------------------------------------------------------------------------------------+
; Flow Elapsed Time                                                                                                             ;
+---------------------------+--------------+-------------------------+---------------------+------------------------------------+
; Module Name               ; Elapsed Time ; Average Processors Used ; Peak Virtual Memory ; Total CPU Time (on all processors) ;
+---------------------------+--------------+-------------------------+---------------------+------------------------------------+
; Analysis & Synthesis      ; 00:00:19     ; 1.0                     ; 1001 MB             ; 00:00:47                           ;
; Fitter                    ; 00:01:20     ; 1.0                     ; 1862 MB             ; 00:01:23                           ;
; Assembler                 ; 00:00:19     ; 1.0                     ; 971 MB              ; 00:00:20                           ;
; TimeQuest Timing Analyzer ; 00:00:08     ; 1.0                     ; 1183 MB             ; 00:00:08                           ;
; EDA Netlist Writer        ; 00:00:02     ; 1.0                     ; 1161 MB             ; 00:00:02                           ;
; Total                     ; 00:02:08     ; --                      ; --                  ; 00:02:40                           ;
+---------------------------+--------------+-------------------------+---------------------+------------------------------------+


+----------------------------------------------------------------------------------------------+
; Flow OS Summary                                                                              ;
+---------------------------+-------------------+----------------+------------+----------------+
; Module Name               ; Machine Hostname  ; OS Name        ; OS Version ; Processor type ;
+---------------------------+-------------------+----------------+------------+----------------+
; Analysis & Synthesis      ; timmy-Aspire-4750 ; Ubuntu 16.04.6 ; 16         ; x86_64         ;
; Fitter                    ; timmy-Aspire-4750 ; Ubuntu 16.04.6 ; 16         ; x86_64         ;
; Assembler                 ; timmy-Aspire-4750 ; Ubuntu 16.04.6 ; 16         ; x86_64         ;
; TimeQuest Timing Analyzer ; timmy-Aspire-4750 ; Ubuntu 16.04.6 ; 16         ; x86_64         ;
; EDA Netlist Writer        ; timmy-Aspire-4750 ; Ubuntu 16.04.6 ; 16         ; x86_64         ;
+---------------------------+-------------------+----------------+------------+----------------+


------------
; Flow Log ;
------------
quartus_map --read_settings_files=on --write_settings_files=off enight_to_three_priority_encoder -c enight_to_three_priority_encoder
quartus_fit --read_settings_files=off --write_settings_files=off enight_to_three_priority_encoder -c enight_to_three_priority_encoder
quartus_asm --read_settings_files=off --write_settings_files=off enight_to_three_priority_encoder -c enight_to_three_priority_encoder
quartus_sta enight_to_three_priority_encoder -c enight_to_three_priority_encoder
quartus_eda --read_settings_files=off --write_settings_files=off enight_to_three_priority_encoder -c enight_to_three_priority_encoder



