Assembler report for voting_circuit_1
Mon Aug 12 12:03:12 2019
Quartus II 64-Bit Version 15.0.2 Build 153 07/15/2015 SJ Web Edition


---------------------
; Table of Contents ;
---------------------
  1. Legal Notice
  2. Assembler Summary
  3. Assembler Settings
  4. Assembler Generated Files
  5. Assembler Device Options: voting_circuit_1.sof
  6. Assembler Messages



----------------
; Legal Notice ;
----------------
Copyright (C) 1991-2015 Altera Corporation. All rights reserved.
Your use of Altera Corporation's design tools, logic functions 
and other software and tools, and its AMPP partner logic 
functions, and any output files from any of the foregoing 
(including device programming or simulation files), and any 
associated documentation or information are expressly subject 
to the terms and conditions of the Altera Program License 
Subscription Agreement, the Altera Quartus II License Agreement,
the Altera MegaCore Function License Agreement, or other 
applicable license agreement, including, without limitation, 
that your use is for the sole purpose of programming logic 
devices manufactured by Altera and sold by Altera or its 
authorized distributors.  Please refer to the applicable 
agreement for further details.



+---------------------------------------------------------------+
; Assembler Summary                                             ;
+-----------------------+---------------------------------------+
; Assembler Status      ; Successful - Mon Aug 12 12:03:12 2019 ;
; Revision Name         ; voting_circuit_1                      ;
; Top-level Entity Name ; voting_circuit_1                      ;
; Family                ; Cyclone V                             ;
; Device                ; 5CSXFC6D6F31C8                        ;
+-----------------------+---------------------------------------+


+----------------------------------+
; Assembler Settings               ;
+--------+---------+---------------+
; Option ; Setting ; Default Value ;
+--------+---------+---------------+


+---------------------------+
; Assembler Generated Files ;
+---------------------------+
; File Name                 ;
+---------------------------+
; voting_circuit_1.sof      ;
+---------------------------+


+------------------------------------------------+
; Assembler Device Options: voting_circuit_1.sof ;
+----------------+-------------------------------+
; Option         ; Setting                       ;
+----------------+-------------------------------+
; Device         ; 5CSXFC6D6F31C8                ;
; JTAG usercode  ; 0x00AF50DC                    ;
; Checksum       ; 0x00AF50DC                    ;
+----------------+-------------------------------+


+--------------------+
; Assembler Messages ;
+--------------------+
Info: *******************************************************************
Info: Running Quartus II 64-Bit Assembler
    Info: Version 15.0.2 Build 153 07/15/2015 SJ Web Edition
    Info: Processing started: Mon Aug 12 12:02:51 2019
Info: Command: quartus_asm --read_settings_files=off --write_settings_files=off voting_circuit_1 -c voting_circuit_1
Info (115030): Assembler is generating device programming files
Info: Quartus II 64-Bit Assembler was successful. 0 errors, 0 warnings
    Info: Peak virtual memory: 973 megabytes
    Info: Processing ended: Mon Aug 12 12:03:12 2019
    Info: Elapsed time: 00:00:21
    Info: Total CPU time (on all processors): 00:00:20


