Flow report for Learn_VHDL
Fri Jun 21 22:05:16 2019
Quartus II 64-Bit Version 13.1.0 Build 162 10/23/2013 SJ Web Edition


---------------------
; Table of Contents ;
---------------------
  1. Legal Notice
  2. Flow Summary
  3. Flow Settings
  4. Flow Non-Default Global Settings
  5. Flow Elapsed Time
  6. Flow OS Summary
  7. Flow Log
  8. Flow Messages
  9. Flow Suppressed Messages



----------------
; Legal Notice ;
----------------
Copyright (C) 1991-2013 Altera Corporation
Your use of Altera Corporation's design tools, logic functions 
and other software and tools, and its AMPP partner logic 
functions, and any output files from any of the foregoing 
(including device programming or simulation files), and any 
associated documentation or information are expressly subject 
to the terms and conditions of the Altera Program License 
Subscription Agreement, Altera MegaCore Function License 
Agreement, or other applicable license agreement, including, 
without limitation, that your use is for the sole purpose of 
programming logic devices manufactured by Altera and sold by 
Altera or its authorized distributors.  Please refer to the 
applicable agreement for further details.



+---------------------------------------------------------------------------------+
; Flow Summary                                                                    ;
+------------------------------------+--------------------------------------------+
; Flow Status                        ; Successful - Fri Jun 21 22:05:16 2019      ;
; Quartus II 64-Bit Version          ; 13.1.0 Build 162 10/23/2013 SJ Web Edition ;
; Revision Name                      ; Learn_VHDL                                 ;
; Top-level Entity Name              ; Learn_VHDL                                 ;
; Family                             ; Cyclone III                                ;
; Device                             ; EP3C16F484C6                               ;
; Timing Models                      ; Final                                      ;
; Total logic elements               ; 1 / 15,408 ( < 1 % )                       ;
;     Total combinational functions  ; 1 / 15,408 ( < 1 % )                       ;
;     Dedicated logic registers      ; 0 / 15,408 ( 0 % )                         ;
; Total registers                    ; 0                                          ;
; Total pins                         ; 3 / 347 ( < 1 % )                          ;
; Total virtual pins                 ; 0                                          ;
; Total memory bits                  ; 0 / 516,096 ( 0 % )                        ;
; Embedded Multiplier 9-bit elements ; 0 / 112 ( 0 % )                            ;
; Total PLLs                         ; 0 / 4 ( 0 % )                              ;
+------------------------------------+--------------------------------------------+


+-----------------------------------------+
; Flow Settings                           ;
+-------------------+---------------------+
; Option            ; Setting             ;
+-------------------+---------------------+
; Start date & time ; 06/21/2019 22:04:41 ;
; Main task         ; Compilation         ;
; Revision Name     ; Learn_VHDL          ;
+-------------------+---------------------+


+-------------------------------------------------------------------------------------------------------------+
; Flow Non-Default Global Settings                                                                            ;
+-------------------------------------+------------------------+---------------+-------------+----------------+
; Assignment Name                     ; Value                  ; Default Value ; Entity Name ; Section Id     ;
+-------------------------------------+------------------------+---------------+-------------+----------------+
; COMPILER_SIGNATURE_ID               ; 0.156112588026866      ; --            ; --          ; --             ;
; EDA_OUTPUT_DATA_FORMAT              ; Vhdl                   ; --            ; --          ; eda_simulation ;
; EDA_SIMULATION_TOOL                 ; ModelSim-Altera (VHDL) ; <None>        ; --          ; --             ;
; MAX_CORE_JUNCTION_TEMP              ; 85                     ; --            ; --          ; --             ;
; MIN_CORE_JUNCTION_TEMP              ; 0                      ; --            ; --          ; --             ;
; PARTITION_COLOR                     ; 16764057               ; --            ; --          ; Top            ;
; PARTITION_FITTER_PRESERVATION_LEVEL ; PLACEMENT_AND_ROUTING  ; --            ; --          ; Top            ;
; PARTITION_NETLIST_TYPE              ; SOURCE                 ; --            ; --          ; Top            ;
; PROJECT_OUTPUT_DIRECTORY            ; output_files           ; --            ; --          ; --             ;
+-------------------------------------+------------------------+---------------+-------------+----------------+


+-------------------------------------------------------------------------------------------------------------------------------+
; Flow Elapsed Time                                                                                                             ;
+---------------------------+--------------+-------------------------+---------------------+------------------------------------+
; Module Name               ; Elapsed Time ; Average Processors Used ; Peak Virtual Memory ; Total CPU Time (on all processors) ;
+---------------------------+--------------+-------------------------+---------------------+------------------------------------+
; Analysis & Synthesis      ; 00:00:02     ; 1.0                     ; 606 MB              ; 00:00:02                           ;
; Fitter                    ; 00:00:11     ; 1.0                     ; 822 MB              ; 00:00:10                           ;
; Assembler                 ; 00:00:03     ; 1.0                     ; 606 MB              ; 00:00:02                           ;
; TimeQuest Timing Analyzer ; 00:00:02     ; 1.0                     ; 597 MB              ; 00:00:03                           ;
; EDA Netlist Writer        ; 00:00:02     ; 1.0                     ; 826 MB              ; 00:00:01                           ;
; Total                     ; 00:00:20     ; --                      ; --                  ; 00:00:18                           ;
+---------------------------+--------------+-------------------------+---------------------+------------------------------------+


+----------------------------------------------------------------------------------------------+
; Flow OS Summary                                                                              ;
+---------------------------+-------------------+----------------+------------+----------------+
; Module Name               ; Machine Hostname  ; OS Name        ; OS Version ; Processor type ;
+---------------------------+-------------------+----------------+------------+----------------+
; Analysis & Synthesis      ; timmy-Aspire-4750 ; Ubuntu 16.04.6 ; 16         ; x86_64         ;
; Fitter                    ; timmy-Aspire-4750 ; Ubuntu 16.04.6 ; 16         ; x86_64         ;
; Assembler                 ; timmy-Aspire-4750 ; Ubuntu 16.04.6 ; 16         ; x86_64         ;
; TimeQuest Timing Analyzer ; timmy-Aspire-4750 ; Ubuntu 16.04.6 ; 16         ; x86_64         ;
; EDA Netlist Writer        ; timmy-Aspire-4750 ; Ubuntu 16.04.6 ; 16         ; x86_64         ;
+---------------------------+-------------------+----------------+------------+----------------+


------------
; Flow Log ;
------------
quartus_map --read_settings_files=on --write_settings_files=off Learn_VHDL -c Learn_VHDL
quartus_fit --read_settings_files=off --write_settings_files=off Learn_VHDL -c Learn_VHDL
quartus_asm --read_settings_files=off --write_settings_files=off Learn_VHDL -c Learn_VHDL
quartus_sta Learn_VHDL -c Learn_VHDL
quartus_eda --read_settings_files=off --write_settings_files=off Learn_VHDL -c Learn_VHDL



